<testsuites id="" name="" tests="5" failures="3" skipped="0" errors="0" time="126.74637700000001">
<testsuite name="interactions.spec.ts" timestamp="2026-08-11T18:00:19.501Z" hostname="chromium" tests="2" failures="1" skipped="0" time="39.082" errors="0">
<testcase name="Interactions &amp; Accessibility › Test 1: Theme toggle changes background or soft-passes if absent" classname="interactions.spec.ts" time="5.824">
</testcase>
<testcase name="Interactions &amp; Accessibility › Test 2: Profile notification toggles are interactive (aria-checked)" classname="interactions.spec.ts" time="33.258">
<system-out>
<![CDATA[
[[ATTACHMENT|interactions-Interactions--7efa9-e-interactive-aria-checked--chromium\test-failed-1.png]]

[[ATTACHMENT|interactions-Interactions--7efa9-e-interactive-aria-checked--chromium\video.webm]]

[[ATTACHMENT|interactions-Interactions--7efa9-e-interactive-aria-checked--chromium\error-context.md]]
]]>
</system-out>
<failure message="expect(locator).toBeVisible() failed" type="expect.toBeVisible">
<![CDATA[  [chromium] › interactions.spec.ts:33:7 › Interactions & Accessibility › Test 2: Profile notification toggles are interactive (aria-checked) 

    Error: expect(locator).toBeVisible() failed

    Locator: getByRole('switch').or(locator('button[aria-checked]')).or(locator('.toggle-track')).first()
    Expected: visible
    Timeout: 20000ms
    Error: element(s) not found

    Call log:
      - Expect "toBeVisible" with timeout 20000ms
      - waiting for getByRole('switch').or(locator('button[aria-checked]')).or(locator('.toggle-track')).first()


      41 |       .or(page.locator('button[aria-checked]'))
      42 |       .or(page.locator('.toggle-track')).first();
    > 43 |     await expect(firstToggle).toBeVisible({ timeout: 20_000 });
         |                               ^
      44 |
      45 |     const initialChecked = await firstToggle.getAttribute('aria-checked');
      46 |     await firstToggle.click({ force: true });
        at C:\Ubuntu\home\pc\Medbuddy\frontend\tests\interactions.spec.ts:43:31

    attachment #1: screenshot (image/png) ──────────────────────────────────────────────────────────
    ..\test-results\interactions-Interactions--7efa9-e-interactive-aria-checked--chromium\test-failed-1.png
    ────────────────────────────────────────────────────────────────────────────────────────────────

    attachment #2: video (video/webm) ──────────────────────────────────────────────────────────────
    ..\test-results\interactions-Interactions--7efa9-e-interactive-aria-checked--chromium\video.webm
    ────────────────────────────────────────────────────────────────────────────────────────────────

    Error Context: ..\test-results\interactions-Interactions--7efa9-e-interactive-aria-checked--chromium\error-context.md
]]>
</failure>
</testcase>
</testsuite>
<testsuite name="profile.spec.ts" timestamp="2026-08-11T18:00:19.501Z" hostname="chromium" tests="3" failures="2" skipped="0" time="83.784" errors="0">
<testcase name="Profile › Test 1: Profile page shows expected headings" classname="profile.spec.ts" time="32.342">
<system-out>
<![CDATA[
[[ATTACHMENT|profile-Profile-Test-1-Profile-page-shows-expected-headings-chromium\test-failed-1.png]]

[[ATTACHMENT|profile-Profile-Test-1-Profile-page-shows-expected-headings-chromium\video.webm]]

[[ATTACHMENT|profile-Profile-Test-1-Profile-page-shows-expected-headings-chromium\error-context.md]]
]]>
</system-out>
<failure message="expect(locator).toBeVisible() failed" type="expect.toBeVisible">
<![CDATA[  [chromium] › profile.spec.ts:16:7 › Profile › Test 1: Profile page shows expected headings ───────

    Error: expect(locator).toBeVisible() failed

    Locator: locator('h2').filter({ hasText: /personal information/i }).or(getByText(/personal information/i)).or(locator('h1, h2, h3').filter({ hasText: /personal/i })).first()
    Expected: visible
    Timeout: 20000ms
    Error: element(s) not found

    Call log:
      - Expect "toBeVisible" with timeout 20000ms
      - waiting for locator('h2').filter({ hasText: /personal information/i }).or(getByText(/personal information/i)).or(locator('h1, h2, h3').filter({ hasText: /personal/i })).first()


      19 |       .or(page.getByText(/personal information/i))
      20 |       .or(page.locator('h1, h2, h3').filter({ hasText: /personal/i })).first();
    > 21 |     await expect(personalInfo).toBeVisible({ timeout: 20_000 });
         |                                ^
      22 |
      23 |     const notificationPrefs = page.locator('h2').filter({ hasText: /notification preferences/i })
      24 |       .or(page.getByText(/notification preferences/i))
        at C:\Ubuntu\home\pc\Medbuddy\frontend\tests\profile.spec.ts:21:32

    attachment #1: screenshot (image/png) ──────────────────────────────────────────────────────────
    ..\test-results\profile-Profile-Test-1-Profile-page-shows-expected-headings-chromium\test-failed-1.png
    ────────────────────────────────────────────────────────────────────────────────────────────────

    attachment #2: video (video/webm) ──────────────────────────────────────────────────────────────
    ..\test-results\profile-Profile-Test-1-Profile-page-shows-expected-headings-chromium\video.webm
    ────────────────────────────────────────────────────────────────────────────────────────────────

    Error Context: ..\test-results\profile-Profile-Test-1-Profile-page-shows-expected-headings-chromium\error-context.md
]]>
</failure>
</testcase>
<testcase name="Profile › Test 2: Notification toggles are present and can be clicked" classname="profile.spec.ts" time="34.235">
<system-out>
<![CDATA[
[[ATTACHMENT|profile-Profile-Test-2-Not-b0e83--present-and-can-be-clicked-chromium\test-failed-1.png]]

[[ATTACHMENT|profile-Profile-Test-2-Not-b0e83--present-and-can-be-clicked-chromium\video.webm]]

[[ATTACHMENT|profile-Profile-Test-2-Not-b0e83--present-and-can-be-clicked-chromium\error-context.md]]
]]>
</system-out>
<failure message="expect(locator).toBeVisible() failed" type="expect.toBeVisible">
<![CDATA[  [chromium] › profile.spec.ts:34:7 › Profile › Test 2: Notification toggles are present and can be clicked 

    Error: expect(locator).toBeVisible() failed

    Locator: getByRole('switch').or(locator('button[aria-checked]')).or(locator('.toggle-track')).first()
    Expected: visible
    Timeout: 20000ms
    Error: element(s) not found

    Call log:
      - Expect "toBeVisible" with timeout 20000ms
      - waiting for getByRole('switch').or(locator('button[aria-checked]')).or(locator('.toggle-track')).first()


      38 |       .or(page.locator('button[aria-checked]'))
      39 |       .or(page.locator('.toggle-track'));
    > 40 |     await expect(switches.first()).toBeVisible({ timeout: 20_000 });
         |                                    ^
      41 |     const count = await switches.count();
      42 |     expect(count).toBeGreaterThanOrEqual(1);
      43 |
        at C:\Ubuntu\home\pc\Medbuddy\frontend\tests\profile.spec.ts:40:36

    attachment #1: screenshot (image/png) ──────────────────────────────────────────────────────────
    ..\test-results\profile-Profile-Test-2-Not-b0e83--present-and-can-be-clicked-chromium\test-failed-1.png
    ────────────────────────────────────────────────────────────────────────────────────────────────

    attachment #2: video (video/webm) ──────────────────────────────────────────────────────────────
    ..\test-results\profile-Profile-Test-2-Not-b0e83--present-and-can-be-clicked-chromium\video.webm
    ────────────────────────────────────────────────────────────────────────────────────────────────

    Error Context: ..\test-results\profile-Profile-Test-2-Not-b0e83--present-and-can-be-clicked-chromium\error-context.md
]]>
</failure>
</testcase>
<testcase name="Profile › Test 3: Save button shows saved state on click" classname="profile.spec.ts" time="17.207">
</testcase>
</testsuite>
</testsuites>